<?xml version="1.0" encoding="UTF-8"?>
<testsuite xmlns:xsi="http://www.w3.org/2001/XMLSchema-instance" xsi:noNamespaceSchemaLocation="https://maven.apache.org/surefire/maven-surefire-plugin/xsd/surefire-test-report-3.0.xsd" version="3.0" name="com.concecionaria.concessionariabackend.ConcessionariaBackendApplicationTests" time="89.792" tests="1" errors="0" skipped="0" failures="0">
  <properties>
[...]
</properties>
  <testcase name="contextLoads" classname="com.concecionaria.concessionariabackend.ConcessionariaBackendApplicationTests" time="3.73">
    <system-out><![CDATA[17:03:48.104 [main] INFO org.springframework.test.context.support.AnnotationConfigContextLoaderUtils -- Could not detect default configuration classes for test class [com.concecionaria.concessionariabackend.ConcessionariaBackendApplicationTests]: ConcessionariaBackendApplicationTests does not declare any static, non-private, non-final, nested classes annotated with @Configuration.
17:03:51.264 [main] INFO org.springframework.boot.test.context.SpringBootTestContextBootstrapper -- Found @SpringBootConfiguration com.concecionaria.concessionariabackend.ConcessionariaBackendApplication for test class com.concecionaria.concessionariabackend.ConcessionariaBackendApplicationTests

  .   ____          _            __ _ _
 /\\ / ___'_ __ _ _(_)_ __  __ _ \ \ \ \
( ( )\___ | '_ | '_| | '_ \/ _` | \ \ \ \
 \\/  ___)| |_)| | | | | || (_| |  ) ) ) )
  '  |____| .__|_| |_|_| |_\__, | / / / /
 =========|_|==============|___/=/_/_/_/
 :: Spring Boot ::                (v3.1.3)

2023-09-25T17:04:03.531-03:00  INFO 12824 --- [           main] .c.ConcessionariaBackendApplicationTests : Starting ConcessionariaBackendApplicationTests using Java 20 with PID 12824 (started by levyv in c:\Users\levyv\Documents\PROGRAMMING\concecionaria\backend\concessionaria-backend)
2023-09-25T17:04:03.534-03:00  INFO 12824 --- [           main] .c.ConcessionariaBackendApplicationTests : No active profile set, falling back to 1 default profile: "default"
2023-09-25T17:04:24.823-03:00  INFO 12824 --- [           main] .s.d.r.c.RepositoryConfigurationDelegate : Multiple Spring Data modules found, entering strict repository configuration mode
2023-09-25T17:04:24.826-03:00  INFO 12824 --- [           main] .s.d.r.c.RepositoryConfigurationDelegate : Bootstrapping Spring Data MongoDB repositories in DEFAULT mode.
2023-09-25T17:04:26.402-03:00  INFO 12824 --- [           main] .s.d.r.c.RepositoryConfigurationDelegate : Finished Spring Data repository scanning in 1511 ms. Found 2 MongoDB repository interfaces.
2023-09-25T17:04:38.686-03:00  INFO 12824 --- [vkm.mongodb.net] org.mongodb.driver.cluster               : Adding discovered server ac-ijesyw2-shard-00-00.nvuevkm.mongodb.net:27017 to client view of cluster
2023-09-25T17:04:38.976-03:00  INFO 12824 --- [           main] org.mongodb.driver.client                : MongoClient with metadata {"driver": {"name": "mongo-java-driver|sync|spring-boot", "version": "4.9.1"}, "os": {"type": "Windows", "name": "Windows 10", "architecture": "amd64", "version": "10.0"}, "platform": "Java/Oracle Corporation/20+36-2344"} created with settings MongoClientSettings{readPreference=primary, writeConcern=WriteConcern{w=null, wTimeout=null ms, journal=null}, retryWrites=true, retryReads=true, readConcern=ReadConcern{level=null}, credential=MongoCredential{mechanism=null, userName='levy-vinicius', source='admin', password=<hidden>, mechanismProperties=<hidden>}, streamFactoryFactory=null, commandListeners=[], codecRegistry=ProvidersCodecRegistry{codecProviders=[ValueCodecProvider{}, BsonValueCodecProvider{}, DBRefCodecProvider{}, DBObjectCodecProvider{}, DocumentCodecProvider{}, CollectionCodecProvider{}, IterableCodecProvider{}, MapCodecProvider{}, GeoJsonCodecProvider{}, GridFSFileCodecProvider{}, Jsr310CodecProvider{}, JsonObjectCodecProvider{}, BsonCodecProvider{}, EnumCodecProvider{}, com.mongodb.client.model.mql.ExpressionCodecProvider@30893e08, com.mongodb.Jep395RecordCodecProvider@2e86807a]}, loggerSettings=LoggerSettings{maxDocumentLength=1000}, clusterSettings={hosts=[127.0.0.1:27017], srvHost=concessionariadb.nvuevkm.mongodb.net, srvServiceName=mongodb, mode=MULTIPLE, requiredClusterType=REPLICA_SET, requiredReplicaSetName='atlas-6dc5u9-shard-0', serverSelector='null', clusterListeners='[]', serverSelectionTimeout='30000 ms', localThreshold='30000 ms'}, socketSettings=SocketSettings{connectTimeoutMS=10000, readTimeoutMS=0, receiveBufferSize=0, sendBufferSize=0}, heartbeatSocketSettings=SocketSettings{connectTimeoutMS=10000, readTimeoutMS=10000, receiveBufferSize=0, sendBufferSize=0}, connectionPoolSettings=ConnectionPoolSettings{maxSize=100, minSize=0, maxWaitTimeMS=120000, maxConnectionLifeTimeMS=0, maxConnectionIdleTimeMS=0, maintenanceInitialDelayMS=0, maintenanceFrequencyMS=60000, connectionPoolListeners=[], maxConnecting=2}, serverSettings=ServerSettings{heartbeatFrequencyMS=10000, minHeartbeatFrequencyMS=500, serverListeners='[]', serverMonitorListeners='[]'}, sslSettings=SslSettings{enabled=true, invalidHostNameAllowed=false, context=null}, applicationName='null', compressorList=[], uuidRepresentation=JAVA_LEGACY, serverApi=null, autoEncryptionSettings=null, contextProvider=null}
2023-09-25T17:04:39.210-03:00  INFO 12824 --- [vkm.mongodb.net] org.mongodb.driver.cluster               : Adding discovered server ac-ijesyw2-shard-00-01.nvuevkm.mongodb.net:27017 to client view of cluster
2023-09-25T17:04:39.210-03:00  INFO 12824 --- [vkm.mongodb.net] org.mongodb.driver.cluster               : Adding discovered server ac-ijesyw2-shard-00-02.nvuevkm.mongodb.net:27017 to client view of cluster
2023-09-25T17:04:56.897-03:00  INFO 12824 --- [           main] o.s.s.web.DefaultSecurityFilterChain     : Will secure any request with [org.springframework.security.web.session.DisableEncodeUrlFilter@6568f998, org.springframework.security.web.context.request.async.WebAsyncManagerIntegrationFilter@45d4421d, org.springframework.security.web.context.SecurityContextHolderFilter@1304e0d7, org.springframework.security.web.header.HeaderWriterFilter@d36c1c3, org.springframework.security.web.authentication.logout.LogoutFilter@40d96578, org.springframework.security.web.savedrequest.RequestCacheAwareFilter@7767bd4e, org.springframework.security.web.servletapi.SecurityContextHolderAwareRequestFilter@795b66d, org.springframework.security.web.authentication.AnonymousAuthenticationFilter@782fd504, org.springframework.security.web.session.SessionManagementFilter@3a3883c4, org.springframework.security.web.access.ExceptionTranslationFilter@26c7b1c6, org.springframework.security.web.access.intercept.AuthorizationFilter@21002393]
2023-09-25T17:05:05.317-03:00  INFO 12824 --- [ngodb.net:27017] org.mongodb.driver.cluster               : Monitor thread successfully connected to server with description ServerDescription{address=ac-ijesyw2-shard-00-01.nvuevkm.mongodb.net:27017, type=REPLICA_SET_SECONDARY, state=CONNECTED, ok=true, minWireVersion=0, maxWireVersion=17, maxDocumentSize=16777216, logicalSessionTimeoutMinutes=30, roundTripTimeNanos=11618471400, setName='atlas-6dc5u9-shard-0', canonicalAddress=ac-ijesyw2-shard-00-01.nvuevkm.mongodb.net:27017, hosts=[ac-ijesyw2-shard-00-00.nvuevkm.mongodb.net:27017, ac-ijesyw2-shard-00-01.nvuevkm.mongodb.net:27017, ac-ijesyw2-shard-00-02.nvuevkm.mongodb.net:27017], passives=[], arbiters=[], primary='ac-ijesyw2-shard-00-02.nvuevkm.mongodb.net:27017', tagSet=TagSet{[Tag{name='nodeType', value='ELECTABLE'}, Tag{name='provider', value='GCP'}, Tag{name='region', value='SOUTH_AMERICA_EAST_1'}, Tag{name='workloadType', value='OPERATIONAL'}]}, electionId=null, setVersion=7, topologyVersion=TopologyVersion{processId=6505b846c1cf455404315762, counter=3}, lastWriteDate=Mon Sep 25 17:05:03 BRT 2023, lastUpdateTimeNanos=75946056370900}
2023-09-25T17:05:05.317-03:00  INFO 12824 --- [ngodb.net:27017] org.mongodb.driver.cluster               : Monitor thread successfully connected to server with description ServerDescription{address=ac-ijesyw2-shard-00-02.nvuevkm.mongodb.net:27017, type=REPLICA_SET_PRIMARY, state=CONNECTED, ok=true, minWireVersion=0, maxWireVersion=17, maxDocumentSize=16777216, logicalSessionTimeoutMinutes=30, roundTripTimeNanos=11618840800, setName='atlas-6dc5u9-shard-0', canonicalAddress=ac-ijesyw2-shard-00-02.nvuevkm.mongodb.net:27017, hosts=[ac-ijesyw2-shard-00-00.nvuevkm.mongodb.net:27017, ac-ijesyw2-shard-00-01.nvuevkm.mongodb.net:27017, ac-ijesyw2-shard-00-02.nvuevkm.mongodb.net:27017], passives=[], arbiters=[], primary='ac-ijesyw2-shard-00-02.nvuevkm.mongodb.net:27017', tagSet=TagSet{[Tag{name='nodeType', value='ELECTABLE'}, Tag{name='provider', value='GCP'}, Tag{name='region', value='SOUTH_AMERICA_EAST_1'}, Tag{name='workloadType', value='OPERATIONAL'}]}, electionId=7fffffff0000000000000799, setVersion=7, topologyVersion=TopologyVersion{processId=6505b7f43365f01539e1738b, counter=6}, lastWriteDate=Mon Sep 25 17:05:03 BRT 2023, lastUpdateTimeNanos=75946056150100}
2023-09-25T17:05:05.350-03:00  INFO 12824 --- [ngodb.net:27017] org.mongodb.driver.cluster               : Discovered replica set primary ac-ijesyw2-shard-00-02.nvuevkm.mongodb.net:27017 with max election id 7fffffff0000000000000799 and max set version 7
2023-09-25T17:05:05.354-03:00  INFO 12824 --- [ngodb.net:27017] org.mongodb.driver.cluster               : Monitor thread successfully connected to server with description ServerDescription{address=ac-ijesyw2-shard-00-00.nvuevkm.mongodb.net:27017, type=REPLICA_SET_SECONDARY, state=CONNECTED, ok=true, minWireVersion=0, maxWireVersion=17, maxDocumentSize=16777216, logicalSessionTimeoutMinutes=30, roundTripTimeNanos=11618315900, setName='atlas-6dc5u9-shard-0', canonicalAddress=ac-ijesyw2-shard-00-00.nvuevkm.mongodb.net:27017, hosts=[ac-ijesyw2-shard-00-00.nvuevkm.mongodb.net:27017, ac-ijesyw2-shard-00-01.nvuevkm.mongodb.net:27017, ac-ijesyw2-shard-00-02.nvuevkm.mongodb.net:27017], passives=[], arbiters=[], primary='ac-ijesyw2-shard-00-02.nvuevkm.mongodb.net:27017', tagSet=TagSet{[Tag{name='nodeType', value='ELECTABLE'}, Tag{name='provider', value='GCP'}, Tag{name='region', value='SOUTH_AMERICA_EAST_1'}, Tag{name='workloadType', value='OPERATIONAL'}]}, electionId=null, setVersion=7, topologyVersion=TopologyVersion{processId=6505b79ad32ba66fa12601aa, counter=4}, lastWriteDate=Mon Sep 25 17:05:03 BRT 2023, lastUpdateTimeNanos=75946055807200}
2023-09-25T17:05:08.334-03:00  INFO 12824 --- [           main] .c.ConcessionariaBackendApplicationTests : Started ConcessionariaBackendApplicationTests in 70.405 seconds (process running for 108.135)
]]></system-out>
  </testcase>
</testsuite>